2025.12.25 00:07:16 WARN  Using H2 2.4.240 which is newer than the version Flyway has been verified with. The latest verified version of H2 is 2.3.232.
2025.12.25 00:07:16 INFO  no build target found for /Users/viljen/Documents/SideProjects/AdventofCode/2025/template.scala. Using presentation compiler with project's scala-library version: 3.3.6
2025.12.25 00:07:17 INFO  Running List(/opt/homebrew/bin/scala, setup-ide, /Users/viljen/Documents/SideProjects/AdventofCode)
2025.12.25 00:07:18 INFO  Attempting to connect to the build server...
2025.12.25 00:07:18 INFO  Running BSP server List(/opt/homebrew/Cellar/scala/3.7.4/libexec/libexec/scala-cli.jar, --cli-default-scala-version, 3.7.4, --repository, file:///opt/homebrew/Cellar/scala/3.7.4/libexec/maven2, --prog-name, scala, --skip-cli-updates, bsp, --json-options, /Users/viljen/Documents/SideProjects/AdventofCode/.scala-build/ide-options-v2.json, --json-launcher-options, /Users/viljen/Documents/SideProjects/AdventofCode/.scala-build/ide-launcher-options.json, --envs-file, /Users/viljen/Documents/SideProjects/AdventofCode/.scala-build/ide-envs.json, /Users/viljen/Documents/SideProjects/AdventofCode)
2025.12.25 00:07:17 INFO  tracing is disabled for protocol BSP, to enable tracing of incoming and outgoing JSON messages create an empty file at /Users/viljen/Documents/SideProjects/AdventofCode/.metals/bsp.trace.json or /Users/viljen/Library/Caches/org.scalameta.metals/bsp.trace.json
2025.12.25 00:07:18 INFO  BSP server: /opt/homebrew/Cellar/scala/3.7.4/libexec/libexec/scala-cli.jar: /opt/homebrew/Cellar/scala/3.7.4/libexec/libexec/scala-cli.jar: cannot execute binary file
2025.12.25 00:07:24 ERROR Error downloading Dependency(org.scala-lang:scala3-presentation-compiler_3, 3.3.6, Configuration(), Set(), Publication(, Type(), Extension(), Classifier()), false, true)
coursier.error.FetchError$DownloadingArtifacts: Error fetching artifacts:
file:/Users/viljen/.m2/repository/com/google/j2objc/j2objc-annotations/1.3/j2objc-annotations-1.3.jar: not found: /Users/viljen/.m2/repository/com/google/j2objc/j2objc-annotations/1.3/j2objc-annotations-1.3.jar
file:/Users/viljen/.m2/repository/com/google/guava/failureaccess/1.0.1/failureaccess-1.0.1.jar: not found: /Users/viljen/.m2/repository/com/google/guava/failureaccess/1.0.1/failureaccess-1.0.1.jar

	at coursier.Artifacts$.$anonfun$fetchArtifacts$9(Artifacts.scala:505)
	at coursier.util.Task$.$anonfun$flatMap$extension$1(Task.scala:14)
	at coursier.util.Task$.$anonfun$flatMap$extension$1$adapted(Task.scala:14)
	at coursier.util.Task$.wrap(Task.scala:82)
	at coursier.util.Task$.$anonfun$flatMap$2(Task.scala:14)
	at scala.concurrent.impl.Promise$Transformation.run(Promise.scala:503)
	at java.util.concurrent.ThreadPoolExecutor.runWorker(ThreadPoolExecutor.java:1144)
	at java.util.concurrent.ThreadPoolExecutor$Worker.run(ThreadPoolExecutor.java:642)
	at java.lang.Thread.run(Thread.java:1583)
Caused by: coursier.cache.ArtifactError$NotFound: not found: /Users/viljen/.m2/repository/com/google/j2objc/j2objc-annotations/1.3/j2objc-annotations-1.3.jar
	at coursier.cache.internal.Downloader.$anonfun$checkFileExists$1(Downloader.scala:635)
	at scala.concurrent.Future$.$anonfun$apply$1(Future.scala:691)
	at scala.concurrent.impl.Promise$Transformation.run(Promise.scala:500)
	at java.util.concurrent.ThreadPoolExecutor.runWorker(ThreadPoolExecutor.java:1144)
	at java.util.concurrent.ThreadPoolExecutor$Worker.run(ThreadPoolExecutor.java:642)
	at java.lang.Thread.run(Thread.java:1583)

2025.12.25 00:07:24 INFO  Found coursier in path under /Users/viljen/.metals/cs, using it to fetch dependency
2025.12.25 00:07:24 ERROR Downloading https://repo1.maven.org/maven2/org/slf4j/slf4j-api/1.7.36/slf4j-api-1.7.36.pom
2025.12.25 00:07:24 ERROR Downloaded https://repo1.maven.org/maven2/org/slf4j/slf4j-api/1.7.36/slf4j-api-1.7.36.pom
2025.12.25 00:07:24 ERROR Downloading https://repo1.maven.org/maven2/org/slf4j/slf4j-parent/1.7.36/slf4j-parent-1.7.36.pom
2025.12.25 00:07:24 ERROR Downloaded https://repo1.maven.org/maven2/org/slf4j/slf4j-parent/1.7.36/slf4j-parent-1.7.36.pom
2025.12.25 00:07:24 ERROR Downloading https://repo1.maven.org/maven2/com/google/j2objc/j2objc-annotations/1.3/j2objc-annotations-1.3.pom
2025.12.25 00:07:24 ERROR Downloading https://repo1.maven.org/maven2/com/google/guava/failureaccess/1.0.1/failureaccess-1.0.1.pom
2025.12.25 00:07:24 ERROR Downloaded https://repo1.maven.org/maven2/com/google/j2objc/j2objc-annotations/1.3/j2objc-annotations-1.3.pom
2025.12.25 00:07:24 ERROR Downloaded https://repo1.maven.org/maven2/com/google/guava/failureaccess/1.0.1/failureaccess-1.0.1.pom
2025.12.25 00:07:24 ERROR Downloading https://repo1.maven.org/maven2/org/slf4j/slf4j-api/1.7.36/slf4j-api-1.7.36.jar
2025.12.25 00:07:24 ERROR Downloading https://repo1.maven.org/maven2/com/google/j2objc/j2objc-annotations/1.3/j2objc-annotations-1.3.jar
2025.12.25 00:07:24 ERROR Downloading https://repo1.maven.org/maven2/com/google/guava/failureaccess/1.0.1/failureaccess-1.0.1.jar
2025.12.25 00:07:24 ERROR Downloaded https://repo1.maven.org/maven2/org/slf4j/slf4j-api/1.7.36/slf4j-api-1.7.36.jar
2025.12.25 00:07:24 ERROR Downloaded https://repo1.maven.org/maven2/com/google/j2objc/j2objc-annotations/1.3/j2objc-annotations-1.3.jar
2025.12.25 00:07:24 ERROR Downloaded https://repo1.maven.org/maven2/com/google/guava/failureaccess/1.0.1/failureaccess-1.0.1.jar
Dec 25, 2025 12:07:25 AM org.eclipse.lsp4j.jsonrpc.RemoteEndpoint handleCancellation
WARNING: Unmatched cancel notification for request id 2
Dec 25, 2025 12:07:25 AM org.eclipse.lsp4j.jsonrpc.RemoteEndpoint handleCancellation
WARNING: Unmatched cancel notification for request id 1
2025.12.25 00:07:27 INFO  no build target found for /Users/viljen/Documents/SideProjects/AdventofCode/2025/template.scala. Using presentation compiler with project's scala-library version: 3.3.6
2025.12.25 00:07:27 WARN  no build target for: /Users/viljen/Documents/SideProjects/AdventofCode/2025/template.scala
2025.12.25 00:07:27 INFO  no build target found for /Users/viljen/Documents/SideProjects/AdventofCode/2025/template.scala. Using presentation compiler with project's scala-library version: 3.3.6
Downloading https://repo1.maven.org/maven2/org/scalameta/scalafmt-core_2.13/3.10.0/scalafmt-core_2.13-3.10.0.pom
Downloading https://repo1.maven.org/maven2/org/scala-lang/scala-reflect/2.13.17/scala-reflect-2.13.17.pom
Downloaded https://repo1.maven.org/maven2/org/scalameta/scalafmt-core_2.13/3.10.0/scalafmt-core_2.13-3.10.0.pom
Downloaded https://repo1.maven.org/maven2/org/scala-lang/scala-reflect/2.13.17/scala-reflect-2.13.17.pom
Downloading https://repo1.maven.org/maven2/org/scalameta/scalafmt-macros_2.13/3.10.0/scalafmt-macros_2.13-3.10.0.pom
Downloading https://repo1.maven.org/maven2/org/scalameta/scalafmt-config_2.13/3.10.0/scalafmt-config_2.13-3.10.0.pom
Downloading https://repo1.maven.org/maven2/org/scalameta/mdoc-parser_2.13/2.8.0/mdoc-parser_2.13-2.8.0.pom
Downloading https://repo1.maven.org/maven2/org/scala-lang/scala-library/2.13.17/scala-library-2.13.17.pom
Downloaded https://repo1.maven.org/maven2/org/scalameta/mdoc-parser_2.13/2.8.0/mdoc-parser_2.13-2.8.0.pom
Downloaded https://repo1.maven.org/maven2/org/scalameta/scalafmt-macros_2.13/3.10.0/scalafmt-macros_2.13-3.10.0.pom
Downloaded https://repo1.maven.org/maven2/org/scala-lang/scala-library/2.13.17/scala-library-2.13.17.pom
Downloaded https://repo1.maven.org/maven2/org/scalameta/scalafmt-config_2.13/3.10.0/scalafmt-config_2.13-3.10.0.pom
Downloading https://repo1.maven.org/maven2/org/scalameta/metaconfig-typesafe-config_2.13/0.17.0/metaconfig-typesafe-config_2.13-0.17.0.pom
Downloading https://repo1.maven.org/maven2/org/scalameta/metaconfig-core_2.13/0.17.0/metaconfig-core_2.13-0.17.0.pom
Downloaded https://repo1.maven.org/maven2/org/scalameta/metaconfig-core_2.13/0.17.0/metaconfig-core_2.13-0.17.0.pom
Downloaded https://repo1.maven.org/maven2/org/scalameta/metaconfig-typesafe-config_2.13/0.17.0/metaconfig-typesafe-config_2.13-0.17.0.pom
Downloading https://repo1.maven.org/maven2/org/scalameta/metaconfig-pprint_2.13/0.17.0/metaconfig-pprint_2.13-0.17.0.pom
Downloaded https://repo1.maven.org/maven2/org/scalameta/metaconfig-pprint_2.13/0.17.0/metaconfig-pprint_2.13-0.17.0.pom
Downloading https://repo1.maven.org/maven2/org/scala-lang/scala-compiler/2.13.17/scala-compiler-2.13.17.pom
Downloading https://repo1.maven.org/maven2/com/lihaoyi/fansi_2.13/0.5.1/fansi_2.13-0.5.1.pom
Downloaded https://repo1.maven.org/maven2/org/scala-lang/scala-compiler/2.13.17/scala-compiler-2.13.17.pom
Downloaded https://repo1.maven.org/maven2/com/lihaoyi/fansi_2.13/0.5.1/fansi_2.13-0.5.1.pom
Downloading https://repo1.maven.org/maven2/com/lihaoyi/sourcecode_2.13/0.4.0/sourcecode_2.13-0.4.0.pom
Downloaded https://repo1.maven.org/maven2/com/lihaoyi/sourcecode_2.13/0.4.0/sourcecode_2.13-0.4.0.pom
Downloading https://repo1.maven.org/maven2/org/scalameta/metaconfig-pprint_2.13/0.17.0/metaconfig-pprint_2.13-0.17.0.jar
Downloading https://repo1.maven.org/maven2/com/lihaoyi/fansi_2.13/0.5.1/fansi_2.13-0.5.1.jar
Downloading https://repo1.maven.org/maven2/org/scalameta/scalafmt-macros_2.13/3.10.0/scalafmt-macros_2.13-3.10.0.jar
Downloading https://repo1.maven.org/maven2/org/scala-lang/scala-reflect/2.13.17/scala-reflect-2.13.17.jar
Downloading https://repo1.maven.org/maven2/org/scalameta/metaconfig-core_2.13/0.17.0/metaconfig-core_2.13-0.17.0.jar
Downloading https://repo1.maven.org/maven2/org/scalameta/mdoc-parser_2.13/2.8.0/mdoc-parser_2.13-2.8.0.jar
Downloaded https://repo1.maven.org/maven2/org/scalameta/mdoc-parser_2.13/2.8.0/mdoc-parser_2.13-2.8.0.jar
Downloading https://repo1.maven.org/maven2/org/scalameta/metaconfig-typesafe-config_2.13/0.17.0/metaconfig-typesafe-config_2.13-0.17.0.jar
Downloaded https://repo1.maven.org/maven2/org/scalameta/metaconfig-typesafe-config_2.13/0.17.0/metaconfig-typesafe-config_2.13-0.17.0.jar
Downloading https://repo1.maven.org/maven2/org/scalameta/scalafmt-config_2.13/3.10.0/scalafmt-config_2.13-3.10.0.jar
Downloaded https://repo1.maven.org/maven2/org/scalameta/metaconfig-pprint_2.13/0.17.0/metaconfig-pprint_2.13-0.17.0.jar
Downloading https://repo1.maven.org/maven2/org/scala-lang/scala-library/2.13.17/scala-library-2.13.17.jar
Downloaded https://repo1.maven.org/maven2/org/scalameta/scalafmt-macros_2.13/3.10.0/scalafmt-macros_2.13-3.10.0.jar
Downloading https://repo1.maven.org/maven2/org/scala-lang/scala-compiler/2.13.17/scala-compiler-2.13.17.jar
Downloaded https://repo1.maven.org/maven2/com/lihaoyi/fansi_2.13/0.5.1/fansi_2.13-0.5.1.jar
Downloading https://repo1.maven.org/maven2/org/scalameta/scalafmt-core_2.13/3.10.0/scalafmt-core_2.13-3.10.0.jar
Downloaded https://repo1.maven.org/maven2/org/scalameta/scalafmt-config_2.13/3.10.0/scalafmt-config_2.13-3.10.0.jar
Downloaded https://repo1.maven.org/maven2/org/scala-lang/scala-reflect/2.13.17/scala-reflect-2.13.17.jar
Downloaded https://repo1.maven.org/maven2/org/scalameta/scalafmt-core_2.13/3.10.0/scalafmt-core_2.13-3.10.0.jar
Downloaded https://repo1.maven.org/maven2/org/scalameta/metaconfig-core_2.13/0.17.0/metaconfig-core_2.13-0.17.0.jar
Downloaded https://repo1.maven.org/maven2/org/scala-lang/scala-library/2.13.17/scala-library-2.13.17.jar
Downloaded https://repo1.maven.org/maven2/org/scala-lang/scala-compiler/2.13.17/scala-compiler-2.13.17.jar
2025.12.25 00:07:39 INFO  no build target found for /Users/viljen/Documents/SideProjects/AdventofCode/2025/template.scala. Using presentation compiler with project's scala-library version: 3.3.6
2025.12.25 00:07:41 WARN  no build target for: /Users/viljen/Documents/SideProjects/AdventofCode/2025/template.scala
2025.12.25 00:07:41 INFO  no build target found for /Users/viljen/Documents/SideProjects/AdventofCode/2025/template.scala. Using presentation compiler with project's scala-library version: 3.3.6
2025.12.25 00:08:15 INFO  no build target found for /Users/viljen/Documents/SideProjects/AdventofCode/2025/template.scala. Using presentation compiler with project's scala-library version: 3.3.6
2025.12.25 00:08:15 INFO  no build target found for /Users/viljen/Documents/SideProjects/AdventofCode/2025/template.scala. Using presentation compiler with project's scala-library version: 3.3.6
2025.12.25 00:08:15 INFO  no build target found for /Users/viljen/Documents/SideProjects/AdventofCode/2025/template.scala. Using presentation compiler with project's scala-library version: 3.3.6
2025.12.25 00:08:17 INFO  no build target found for /Users/viljen/Documents/SideProjects/AdventofCode/2025/template.scala. Using presentation compiler with project's scala-library version: 3.3.6
2025.12.25 00:08:17 INFO  no build target found for /Users/viljen/Documents/SideProjects/AdventofCode/2025/template.scala. Using presentation compiler with project's scala-library version: 3.3.6
2025.12.25 00:08:18 ERROR Timeout waiting for 'build/initialize' response
2025.12.25 00:08:18 WARN  Retrying connection to the build server scala
2025.12.25 00:08:18 INFO  Running BSP server List(/opt/homebrew/Cellar/scala/3.7.4/libexec/libexec/scala-cli.jar, --cli-default-scala-version, 3.7.4, --repository, file:///opt/homebrew/Cellar/scala/3.7.4/libexec/maven2, --prog-name, scala, --skip-cli-updates, bsp, --json-options, /Users/viljen/Documents/SideProjects/AdventofCode/.scala-build/ide-options-v2.json, --json-launcher-options, /Users/viljen/Documents/SideProjects/AdventofCode/.scala-build/ide-launcher-options.json, --envs-file, /Users/viljen/Documents/SideProjects/AdventofCode/.scala-build/ide-envs.json, /Users/viljen/Documents/SideProjects/AdventofCode)
2025.12.25 00:08:18 INFO  tracing is disabled for protocol BSP, to enable tracing of incoming and outgoing JSON messages create an empty file at /Users/viljen/Documents/SideProjects/AdventofCode/.metals/bsp.trace.json or /Users/viljen/Library/Caches/org.scalameta.metals/bsp.trace.json
2025.12.25 00:08:18 INFO  BSP server: /opt/homebrew/Cellar/scala/3.7.4/libexec/libexec/scala-cli.jar: /opt/homebrew/Cellar/scala/3.7.4/libexec/libexec/scala-cli.jar: cannot execute binary file
2025.12.25 00:08:20 INFO  no build target found for /Users/viljen/Documents/SideProjects/AdventofCode/2025/template.scala. Using presentation compiler with project's scala-library version: 3.3.6
2025.12.25 00:08:20 INFO  no build target found for /Users/viljen/Documents/SideProjects/AdventofCode/2025/template.scala. Using presentation compiler with project's scala-library version: 3.3.6
2025.12.25 00:08:21 INFO  no build target found for /Users/viljen/Documents/SideProjects/AdventofCode/2025/template.scala. Using presentation compiler with project's scala-library version: 3.3.6
2025.12.25 00:08:21 INFO  no build target found for /Users/viljen/Documents/SideProjects/AdventofCode/2025/template.scala. Using presentation compiler with project's scala-library version: 3.3.6
2025.12.25 00:08:21 INFO  no build target found for /Users/viljen/Documents/SideProjects/AdventofCode/2025/template.scala. Using presentation compiler with project's scala-library version: 3.3.6
2025.12.25 00:08:21 INFO  no build target found for /Users/viljen/Documents/SideProjects/AdventofCode/2025/template.scala. Using presentation compiler with project's scala-library version: 3.3.6
2025.12.25 00:08:21 INFO  no build target found for /Users/viljen/Documents/SideProjects/AdventofCode/2025/template.scala. Using presentation compiler with project's scala-library version: 3.3.6
2025.12.25 00:08:22 INFO  no build target found for /Users/viljen/Documents/SideProjects/AdventofCode/2025/template.scala. Using presentation compiler with project's scala-library version: 3.3.6
2025.12.25 00:08:22 INFO  no build target found for /Users/viljen/Documents/SideProjects/AdventofCode/2025/template.scala. Using presentation compiler with project's scala-library version: 3.3.6
2025.12.25 00:08:22 INFO  no build target found for /Users/viljen/Documents/SideProjects/AdventofCode/2025/template.scala. Using presentation compiler with project's scala-library version: 3.3.6
2025.12.25 00:08:22 INFO  no build target found for /Users/viljen/Documents/SideProjects/AdventofCode/2025/template.scala. Using presentation compiler with project's scala-library version: 3.3.6
2025.12.25 00:08:22 INFO  no build target found for /Users/viljen/Documents/SideProjects/AdventofCode/2025/template.scala. Using presentation compiler with project's scala-library version: 3.3.6
2025.12.25 00:08:22 INFO  no build target found for /Users/viljen/Documents/SideProjects/AdventofCode/2025/template.scala. Using presentation compiler with project's scala-library version: 3.3.6
2025.12.25 00:08:22 INFO  no build target found for /Users/viljen/Documents/SideProjects/AdventofCode/2025/template.scala. Using presentation compiler with project's scala-library version: 3.3.6
2025.12.25 00:08:23 INFO  no build target found for /Users/viljen/Documents/SideProjects/AdventofCode/2025/template.scala. Using presentation compiler with project's scala-library version: 3.3.6
2025.12.25 00:08:23 INFO  no build target found for /Users/viljen/Documents/SideProjects/AdventofCode/2025/template.scala. Using presentation compiler with project's scala-library version: 3.3.6
2025.12.25 00:08:23 INFO  no build target found for /Users/viljen/Documents/SideProjects/AdventofCode/2025/template.scala. Using presentation compiler with project's scala-library version: 3.3.6
2025.12.25 00:08:23 INFO  no build target found for /Users/viljen/Documents/SideProjects/AdventofCode/2025/template.scala. Using presentation compiler with project's scala-library version: 3.3.6
2025.12.25 00:08:23 INFO  no build target found for /Users/viljen/Documents/SideProjects/AdventofCode/2025/template.scala. Using presentation compiler with project's scala-library version: 3.3.6
2025.12.25 00:08:23 INFO  no build target found for /Users/viljen/Documents/SideProjects/AdventofCode/2025/template.scala. Using presentation compiler with project's scala-library version: 3.3.6
2025.12.25 00:08:23 INFO  no build target found for /Users/viljen/Documents/SideProjects/AdventofCode/2025/template.scala. Using presentation compiler with project's scala-library version: 3.3.6
2025.12.25 00:08:23 INFO  no build target found for /Users/viljen/Documents/SideProjects/AdventofCode/2025/template.scala. Using presentation compiler with project's scala-library version: 3.3.6
2025.12.25 00:08:23 INFO  no build target found for /Users/viljen/Documents/SideProjects/AdventofCode/2025/template.scala. Using presentation compiler with project's scala-library version: 3.3.6
2025.12.25 00:08:24 INFO  no build target found for /Users/viljen/Documents/SideProjects/AdventofCode/2025/template.scala. Using presentation compiler with project's scala-library version: 3.3.6
2025.12.25 00:08:24 INFO  no build target found for /Users/viljen/Documents/SideProjects/AdventofCode/2025/template.scala. Using presentation compiler with project's scala-library version: 3.3.6
2025.12.25 00:08:24 INFO  no build target found for /Users/viljen/Documents/SideProjects/AdventofCode/2025/template.scala. Using presentation compiler with project's scala-library version: 3.3.6
2025.12.25 00:08:24 INFO  no build target found for /Users/viljen/Documents/SideProjects/AdventofCode/2025/template.scala. Using presentation compiler with project's scala-library version: 3.3.6
2025.12.25 00:08:24 INFO  no build target found for /Users/viljen/Documents/SideProjects/AdventofCode/2025/template.scala. Using presentation compiler with project's scala-library version: 3.3.6
2025.12.25 00:08:25 INFO  no build target found for /Users/viljen/Documents/SideProjects/AdventofCode/2025/template.scala. Using presentation compiler with project's scala-library version: 3.3.6
2025.12.25 00:08:25 INFO  no build target found for /Users/viljen/Documents/SideProjects/AdventofCode/2025/template.scala. Using presentation compiler with project's scala-library version: 3.3.6
2025.12.25 00:08:25 INFO  no build target found for /Users/viljen/Documents/SideProjects/AdventofCode/2025/template.scala. Using presentation compiler with project's scala-library version: 3.3.6
2025.12.25 00:08:25 INFO  no build target found for /Users/viljen/Documents/SideProjects/AdventofCode/2025/template.scala. Using presentation compiler with project's scala-library version: 3.3.6
2025.12.25 00:08:27 INFO  no build target found for /Users/viljen/Documents/SideProjects/AdventofCode/2025/template.scala. Using presentation compiler with project's scala-library version: 3.3.6
2025.12.25 00:08:27 INFO  no build target found for /Users/viljen/Documents/SideProjects/AdventofCode/2025/template.scala. Using presentation compiler with project's scala-library version: 3.3.6
2025.12.25 00:08:27 INFO  no build target found for /Users/viljen/Documents/SideProjects/AdventofCode/2025/template.scala. Using presentation compiler with project's scala-library version: 3.3.6
2025.12.25 00:08:27 WARN  no build target for: /Users/viljen/Documents/SideProjects/AdventofCode/2025/template.scala
2025.12.25 00:08:28 INFO  no build target found for /Users/viljen/Documents/SideProjects/AdventofCode/2025/template.scala. Using presentation compiler with project's scala-library version: 3.3.6
2025.12.25 00:09:18 ERROR Timeout waiting for 'build/initialize' response
2025.12.25 00:09:18 WARN  Retrying connection to the build server scala
2025.12.25 00:09:18 INFO  Running BSP server List(/opt/homebrew/Cellar/scala/3.7.4/libexec/libexec/scala-cli.jar, --cli-default-scala-version, 3.7.4, --repository, file:///opt/homebrew/Cellar/scala/3.7.4/libexec/maven2, --prog-name, scala, --skip-cli-updates, bsp, --json-options, /Users/viljen/Documents/SideProjects/AdventofCode/.scala-build/ide-options-v2.json, --json-launcher-options, /Users/viljen/Documents/SideProjects/AdventofCode/.scala-build/ide-launcher-options.json, --envs-file, /Users/viljen/Documents/SideProjects/AdventofCode/.scala-build/ide-envs.json, /Users/viljen/Documents/SideProjects/AdventofCode)
2025.12.25 00:09:18 INFO  tracing is disabled for protocol BSP, to enable tracing of incoming and outgoing JSON messages create an empty file at /Users/viljen/Documents/SideProjects/AdventofCode/.metals/bsp.trace.json or /Users/viljen/Library/Caches/org.scalameta.metals/bsp.trace.json
2025.12.25 00:09:18 INFO  BSP server: /opt/homebrew/Cellar/scala/3.7.4/libexec/libexec/scala-cli.jar: /opt/homebrew/Cellar/scala/3.7.4/libexec/libexec/scala-cli.jar: cannot execute binary file
2025.12.25 00:09:41 INFO  no build target found for /Users/viljen/Documents/SideProjects/AdventofCode/2025/template.scala. Using presentation compiler with project's scala-library version: 3.3.6
2025.12.25 00:09:58 INFO  no build target found for /Users/viljen/Documents/SideProjects/AdventofCode/2025/template.scala. Using presentation compiler with project's scala-library version: 3.3.6
2025.12.25 00:09:58 INFO  no build target found for /Users/viljen/Documents/SideProjects/AdventofCode/2025/Day7.scala. Using presentation compiler with project's scala-library version: 3.3.6
2025.12.25 00:09:58 INFO  no build target found for /Users/viljen/Documents/SideProjects/AdventofCode/2025/Day7.scala. Using presentation compiler with project's scala-library version: 3.3.6
2025.12.25 00:10:18 ERROR Timeout waiting for 'build/initialize' response
2025.12.25 00:10:18 WARN  Retrying connection to the build server scala
2025.12.25 00:10:18 INFO  Running BSP server List(/opt/homebrew/Cellar/scala/3.7.4/libexec/libexec/scala-cli.jar, --cli-default-scala-version, 3.7.4, --repository, file:///opt/homebrew/Cellar/scala/3.7.4/libexec/maven2, --prog-name, scala, --skip-cli-updates, bsp, --json-options, /Users/viljen/Documents/SideProjects/AdventofCode/.scala-build/ide-options-v2.json, --json-launcher-options, /Users/viljen/Documents/SideProjects/AdventofCode/.scala-build/ide-launcher-options.json, --envs-file, /Users/viljen/Documents/SideProjects/AdventofCode/.scala-build/ide-envs.json, /Users/viljen/Documents/SideProjects/AdventofCode)
2025.12.25 00:10:18 INFO  tracing is disabled for protocol BSP, to enable tracing of incoming and outgoing JSON messages create an empty file at /Users/viljen/Documents/SideProjects/AdventofCode/.metals/bsp.trace.json or /Users/viljen/Library/Caches/org.scalameta.metals/bsp.trace.json
2025.12.25 00:10:18 INFO  BSP server: /opt/homebrew/Cellar/scala/3.7.4/libexec/libexec/scala-cli.jar: /opt/homebrew/Cellar/scala/3.7.4/libexec/libexec/scala-cli.jar: cannot execute binary file
2025.12.25 00:11:18 ERROR Timeout waiting for 'build/initialize' response
2025.12.25 00:11:18 WARN  Retrying connection to the build server scala
2025.12.25 00:11:18 INFO  Running BSP server List(/opt/homebrew/Cellar/scala/3.7.4/libexec/libexec/scala-cli.jar, --cli-default-scala-version, 3.7.4, --repository, file:///opt/homebrew/Cellar/scala/3.7.4/libexec/maven2, --prog-name, scala, --skip-cli-updates, bsp, --json-options, /Users/viljen/Documents/SideProjects/AdventofCode/.scala-build/ide-options-v2.json, --json-launcher-options, /Users/viljen/Documents/SideProjects/AdventofCode/.scala-build/ide-launcher-options.json, --envs-file, /Users/viljen/Documents/SideProjects/AdventofCode/.scala-build/ide-envs.json, /Users/viljen/Documents/SideProjects/AdventofCode)
2025.12.25 00:11:18 INFO  tracing is disabled for protocol BSP, to enable tracing of incoming and outgoing JSON messages create an empty file at /Users/viljen/Documents/SideProjects/AdventofCode/.metals/bsp.trace.json or /Users/viljen/Library/Caches/org.scalameta.metals/bsp.trace.json
2025.12.25 00:11:18 INFO  BSP server: /opt/homebrew/Cellar/scala/3.7.4/libexec/libexec/scala-cli.jar: /opt/homebrew/Cellar/scala/3.7.4/libexec/libexec/scala-cli.jar: cannot execute binary file
2025.12.25 00:11:58 INFO  no build target found for /Users/viljen/Documents/SideProjects/AdventofCode/2025/Day7.scala. Using presentation compiler with project's scala-library version: 3.3.6
2025.12.25 00:11:58 INFO  no build target found for /Users/viljen/Documents/SideProjects/AdventofCode/2025/Day7.scala. Using presentation compiler with project's scala-library version: 3.3.6
2025.12.25 00:11:58 INFO  no build target found for /Users/viljen/Documents/SideProjects/AdventofCode/2025/Day7.scala. Using presentation compiler with project's scala-library version: 3.3.6
2025.12.25 00:11:59 INFO  no build target found for /Users/viljen/Documents/SideProjects/AdventofCode/2025/Day7.scala. Using presentation compiler with project's scala-library version: 3.3.6
2025.12.25 00:11:59 INFO  no build target found for /Users/viljen/Documents/SideProjects/AdventofCode/2025/Day7.scala. Using presentation compiler with project's scala-library version: 3.3.6
2025.12.25 00:12:01 INFO  no build target found for /Users/viljen/Documents/SideProjects/AdventofCode/2025/Day7.scala. Using presentation compiler with project's scala-library version: 3.3.6
2025.12.25 00:12:01 INFO  no build target found for /Users/viljen/Documents/SideProjects/AdventofCode/2025/Day7.scala. Using presentation compiler with project's scala-library version: 3.3.6
2025.12.25 00:12:01 INFO  no build target found for /Users/viljen/Documents/SideProjects/AdventofCode/2025/Day7.scala. Using presentation compiler with project's scala-library version: 3.3.6
2025.12.25 00:12:01 INFO  no build target found for /Users/viljen/Documents/SideProjects/AdventofCode/2025/Day7.scala. Using presentation compiler with project's scala-library version: 3.3.6
2025.12.25 00:12:01 INFO  no build target found for /Users/viljen/Documents/SideProjects/AdventofCode/2025/Day7.scala. Using presentation compiler with project's scala-library version: 3.3.6
2025.12.25 00:12:03 INFO  no build target found for /Users/viljen/Documents/SideProjects/AdventofCode/2025/Day7.scala. Using presentation compiler with project's scala-library version: 3.3.6
2025.12.25 00:12:03 WARN  no build target for: /Users/viljen/Documents/SideProjects/AdventofCode/2025/Day7.scala
2025.12.25 00:12:09 INFO  no build target found for /Users/viljen/Documents/SideProjects/AdventofCode/2025/Day7.scala. Using presentation compiler with project's scala-library version: 3.3.6
2025.12.25 00:12:09 INFO  no build target found for /Users/viljen/Documents/SideProjects/AdventofCode/2025/Day7.scala. Using presentation compiler with project's scala-library version: 3.3.6
2025.12.25 00:12:09 INFO  no build target found for /Users/viljen/Documents/SideProjects/AdventofCode/2025/Day7.scala. Using presentation compiler with project's scala-library version: 3.3.6
2025.12.25 00:12:09 INFO  no build target found for /Users/viljen/Documents/SideProjects/AdventofCode/2025/Day7.scala. Using presentation compiler with project's scala-library version: 3.3.6
2025.12.25 00:12:09 INFO  no build target found for /Users/viljen/Documents/SideProjects/AdventofCode/2025/Day7.scala. Using presentation compiler with project's scala-library version: 3.3.6
2025.12.25 00:12:11 INFO  no build target found for /Users/viljen/Documents/SideProjects/AdventofCode/2025/Day7.scala. Using presentation compiler with project's scala-library version: 3.3.6
2025.12.25 00:12:11 INFO  no build target found for /Users/viljen/Documents/SideProjects/AdventofCode/2025/Day7.scala. Using presentation compiler with project's scala-library version: 3.3.6
2025.12.25 00:12:11 INFO  no build target found for /Users/viljen/Documents/SideProjects/AdventofCode/2025/Day7.scala. Using presentation compiler with project's scala-library version: 3.3.6
2025.12.25 00:12:11 INFO  no build target found for /Users/viljen/Documents/SideProjects/AdventofCode/2025/Day7.scala. Using presentation compiler with project's scala-library version: 3.3.6
2025.12.25 00:12:11 INFO  no build target found for /Users/viljen/Documents/SideProjects/AdventofCode/2025/Day7.scala. Using presentation compiler with project's scala-library version: 3.3.6
2025.12.25 00:12:11 INFO  no build target found for /Users/viljen/Documents/SideProjects/AdventofCode/2025/Day7.scala. Using presentation compiler with project's scala-library version: 3.3.6
2025.12.25 00:12:11 INFO  no build target found for /Users/viljen/Documents/SideProjects/AdventofCode/2025/Day7.scala. Using presentation compiler with project's scala-library version: 3.3.6
2025.12.25 00:12:13 WARN  no build target for: /Users/viljen/Documents/SideProjects/AdventofCode/2025/Day7.scala
2025.12.25 00:12:13 INFO  no build target found for /Users/viljen/Documents/SideProjects/AdventofCode/2025/Day7.scala. Using presentation compiler with project's scala-library version: 3.3.6
2025.12.25 00:12:18 ERROR Timeout waiting for 'build/initialize' response
2025.12.25 00:12:18 WARN  Retrying connection to the build server scala
2025.12.25 00:12:18 INFO  Running BSP server List(/opt/homebrew/Cellar/scala/3.7.4/libexec/libexec/scala-cli.jar, --cli-default-scala-version, 3.7.4, --repository, file:///opt/homebrew/Cellar/scala/3.7.4/libexec/maven2, --prog-name, scala, --skip-cli-updates, bsp, --json-options, /Users/viljen/Documents/SideProjects/AdventofCode/.scala-build/ide-options-v2.json, --json-launcher-options, /Users/viljen/Documents/SideProjects/AdventofCode/.scala-build/ide-launcher-options.json, --envs-file, /Users/viljen/Documents/SideProjects/AdventofCode/.scala-build/ide-envs.json, /Users/viljen/Documents/SideProjects/AdventofCode)
2025.12.25 00:12:18 INFO  tracing is disabled for protocol BSP, to enable tracing of incoming and outgoing JSON messages create an empty file at /Users/viljen/Documents/SideProjects/AdventofCode/.metals/bsp.trace.json or /Users/viljen/Library/Caches/org.scalameta.metals/bsp.trace.json
2025.12.25 00:12:18 INFO  BSP server: /opt/homebrew/Cellar/scala/3.7.4/libexec/libexec/scala-cli.jar: /opt/homebrew/Cellar/scala/3.7.4/libexec/libexec/scala-cli.jar: cannot execute binary file
2025.12.25 00:12:20 INFO  no build target found for /Users/viljen/Documents/SideProjects/AdventofCode/2025/Day7.scala. Using presentation compiler with project's scala-library version: 3.3.6
2025.12.25 00:12:20 INFO  no build target found for /Users/viljen/Documents/SideProjects/AdventofCode/2025/Day7.scala. Using presentation compiler with project's scala-library version: 3.3.6
2025.12.25 00:12:20 INFO  no build target found for /Users/viljen/Documents/SideProjects/AdventofCode/2025/Day7.scala. Using presentation compiler with project's scala-library version: 3.3.6
2025.12.25 00:12:20 INFO  no build target found for /Users/viljen/Documents/SideProjects/AdventofCode/2025/Day7.scala. Using presentation compiler with project's scala-library version: 3.3.6
2025.12.25 00:12:20 INFO  no build target found for /Users/viljen/Documents/SideProjects/AdventofCode/2025/Day7.scala. Using presentation compiler with project's scala-library version: 3.3.6
2025.12.25 00:12:20 INFO  no build target found for /Users/viljen/Documents/SideProjects/AdventofCode/2025/Day7.scala. Using presentation compiler with project's scala-library version: 3.3.6
2025.12.25 00:12:20 INFO  no build target found for /Users/viljen/Documents/SideProjects/AdventofCode/2025/Day7.scala. Using presentation compiler with project's scala-library version: 3.3.6
2025.12.25 00:12:20 INFO  no build target found for /Users/viljen/Documents/SideProjects/AdventofCode/2025/Day7.scala. Using presentation compiler with project's scala-library version: 3.3.6
2025.12.25 00:12:21 INFO  no build target found for /Users/viljen/Documents/SideProjects/AdventofCode/2025/Day7.scala. Using presentation compiler with project's scala-library version: 3.3.6
2025.12.25 00:12:24 INFO  no build target found for /Users/viljen/Documents/SideProjects/AdventofCode/2025/Day7.scala. Using presentation compiler with project's scala-library version: 3.3.6
2025.12.25 00:12:24 INFO  no build target found for /Users/viljen/Documents/SideProjects/AdventofCode/2025/Day7.scala. Using presentation compiler with project's scala-library version: 3.3.6
2025.12.25 00:12:24 WARN  no build target for: /Users/viljen/Documents/SideProjects/AdventofCode/2025/Day7.scala
2025.12.25 00:12:33 INFO  no build target found for /Users/viljen/Documents/SideProjects/AdventofCode/2025/Day7.scala. Using presentation compiler with project's scala-library version: 3.3.6
2025.12.25 00:13:18 ERROR Timeout waiting for 'build/initialize' response
2025.12.25 00:13:18 ERROR Failed to connect with build server, no functionality will work.
java.util.concurrent.TimeoutException
	at java.util.concurrent.CompletableFuture.timedGet(CompletableFuture.java:1960)
	at java.util.concurrent.CompletableFuture.get(CompletableFuture.java:2095)
	at scala.meta.internal.metals.BuildServerConnection$.initialize(BuildServerConnection.scala:787)
	at scala.meta.internal.metals.BuildServerConnection$.$anonfun$fromSockets$1(BuildServerConnection.scala:658)
	at scala.concurrent.impl.Promise$Transformation.run(Promise.scala:500)
	at java.util.concurrent.ThreadPoolExecutor.runWorker(ThreadPoolExecutor.java:1144)
	at java.util.concurrent.ThreadPoolExecutor$Worker.run(ThreadPoolExecutor.java:642)
	at java.lang.Thread.run(Thread.java:1583)

2025.12.25 00:13:18 WARN  no build target for: /Users/viljen/Documents/SideProjects/AdventofCode/2025/template.scala
2025.12.25 00:13:18 WARN  no build target for: /Users/viljen/Documents/SideProjects/AdventofCode/2025/Day7.scala
2025.12.25 00:16:30 WARN  no build target for: /Users/viljen/Documents/SideProjects/AdventofCode/2025/Day7.scala
2025.12.25 00:16:30 INFO  no build target found for /Users/viljen/Documents/SideProjects/AdventofCode/2025/Day7.scala. Using presentation compiler with project's scala-library version: 3.3.6
2025.12.25 00:16:45 INFO  no build target found for /Users/viljen/Documents/SideProjects/AdventofCode/2025/Day7.scala. Using presentation compiler with project's scala-library version: 3.3.6
2025.12.25 00:16:45 WARN  no build target for: /Users/viljen/Documents/SideProjects/AdventofCode/2025/Day8.scala
2025.12.25 00:16:45 INFO  no build target found for /Users/viljen/Documents/SideProjects/AdventofCode/2025/Day8.scala. Using presentation compiler with project's scala-library version: 3.3.6
2025.12.25 00:16:45 INFO  no build target found for /Users/viljen/Documents/SideProjects/AdventofCode/2025/Day8.scala. Using presentation compiler with project's scala-library version: 3.3.6
Dec 25, 2025 12:18:16 AM org.eclipse.lsp4j.jsonrpc.services.GenericEndpoint notify
INFO: Unsupported notification method: $/setTrace
Dec 25, 2025 12:18:24 AM org.eclipse.lsp4j.jsonrpc.services.GenericEndpoint notify
INFO: Unsupported notification method: $/setTrace
Dec 25, 2025 3:15:58 PM org.eclipse.lsp4j.jsonrpc.services.GenericEndpoint notify
INFO: Unsupported notification method: $/setTrace
Dec 26, 2025 11:34:15 AM org.eclipse.lsp4j.jsonrpc.services.GenericEndpoint notify
INFO: Unsupported notification method: $/setTrace
Dec 26, 2025 7:10:05 PM org.eclipse.lsp4j.jsonrpc.services.GenericEndpoint notify
INFO: Unsupported notification method: $/setTrace
